===== PAGE TABLE SIMULATION =====
Sequence:
['file3', 'file1', 'file2', 'file2', 'file1', 'file3', 'file1', 'file1', 'file3', 'file1', 'file1', 'file3']

Access: file3 (file3_p0) ---- FAULT
Page Table:
file3_p0 -> Frame 0 | Valid: 1 | Time: 20:56:16
Frames:
Frame0: file3_p0
Frame1: None
Frame2: None

Access: file1 (file1_p0) ---- FAULT
Page Table:
file3_p0 -> Frame 0 | Valid: 1 | Time: 20:56:16
file1_p0 -> Frame 1 | Valid: 1 | Time: 20:56:16
Frames:
Frame0: file3_p0
Frame1: file1_p0
Frame2: None

Access: file2 (file2_p0) ---- FAULT
Page Table:
file3_p0 -> Frame 0 | Valid: 1 | Time: 20:56:16
file1_p0 -> Frame 1 | Valid: 1 | Time: 20:56:16
file2_p0 -> Frame 2 | Valid: 1 | Time: 20:56:16
Frames:
Frame0: file3_p0
Frame1: file1_p0
Frame2: file2_p0

Access: file2 (file2_p0) ---- HIT
Page Table:
file3_p0 -> Frame 0 | Valid: 1 | Time: 20:56:16
file1_p0 -> Frame 1 | Valid: 1 | Time: 20:56:16
file2_p0 -> Frame 2 | Valid: 1 | Time: 20:56:16
Frames:
Frame0: file3_p0
Frame1: file1_p0
Frame2: file2_p0

Access: file1 (file1_p2) ---- FAULT
Page Table:
file3_p0 -> Frame 0 | Valid: 0 | Time: 20:56:16
file1_p0 -> Frame 1 | Valid: 1 | Time: 20:56:16
file2_p0 -> Frame 2 | Valid: 1 | Time: 20:56:16
file1_p2 -> Frame 0 | Valid: 1 | Time: 20:56:16
Frames:
Frame0: file1_p2
Frame1: file1_p0
Frame2: file2_p0

Access: file3 (file3_p0) ---- FAULT
Page Table:
file3_p0 -> Frame 0 | Valid: 1 | Time: 20:56:16
file1_p0 -> Frame 1 | Valid: 1 | Time: 20:56:16
file2_p0 -> Frame 2 | Valid: 1 | Time: 20:56:16
file1_p2 -> Frame 0 | Valid: 1 | Time: 20:56:16
Frames:
Frame0: file3_p0
Frame1: file1_p0
Frame2: file2_p0

Access: file1 (file1_p1) ---- FAULT
Page Table:
file3_p0 -> Frame 0 | Valid: 0 | Time: 20:56:16
file1_p0 -> Frame 1 | Valid: 1 | Time: 20:56:16
file2_p0 -> Frame 2 | Valid: 1 | Time: 20:56:16
file1_p2 -> Frame 0 | Valid: 1 | Time: 20:56:16
file1_p1 -> Frame 0 | Valid: 1 | Time: 20:56:16
Frames:
Frame0: file1_p1
Frame1: file1_p0
Frame2: file2_p0

Access: file1 (file1_p2) ---- HIT
Page Table:
file3_p0 -> Frame 0 | Valid: 0 | Time: 20:56:16
file1_p0 -> Frame 1 | Valid: 1 | Time: 20:56:16
file2_p0 -> Frame 2 | Valid: 1 | Time: 20:56:16
file1_p2 -> Frame 0 | Valid: 1 | Time: 20:56:16
file1_p1 -> Frame 0 | Valid: 1 | Time: 20:56:16
Frames:
Frame0: file1_p1
Frame1: file1_p0
Frame2: file2_p0

Access: file3 (file3_p0) ---- FAULT
Page Table:
file3_p0 -> Frame 0 | Valid: 1 | Time: 20:56:16
file1_p0 -> Frame 1 | Valid: 1 | Time: 20:56:16
file2_p0 -> Frame 2 | Valid: 1 | Time: 20:56:16
file1_p2 -> Frame 0 | Valid: 1 | Time: 20:56:16
file1_p1 -> Frame 0 | Valid: 1 | Time: 20:56:16
Frames:
Frame0: file3_p0
Frame1: file1_p0
Frame2: file2_p0

Access: file1 (file1_p2) ---- HIT
Page Table:
file3_p0 -> Frame 0 | Valid: 1 | Time: 20:56:16
file1_p0 -> Frame 1 | Valid: 1 | Time: 20:56:16
file2_p0 -> Frame 2 | Valid: 1 | Time: 20:56:16
file1_p2 -> Frame 0 | Valid: 1 | Time: 20:56:16
file1_p1 -> Frame 0 | Valid: 1 | Time: 20:56:16
Frames:
Frame0: file3_p0
Frame1: file1_p0
Frame2: file2_p0

Access: file1 (file1_p0) ---- HIT
Page Table:
file3_p0 -> Frame 0 | Valid: 1 | Time: 20:56:16
file1_p0 -> Frame 1 | Valid: 1 | Time: 20:56:16
file2_p0 -> Frame 2 | Valid: 1 | Time: 20:56:16
file1_p2 -> Frame 0 | Valid: 1 | Time: 20:56:16
file1_p1 -> Frame 0 | Valid: 1 | Time: 20:56:16
Frames:
Frame0: file3_p0
Frame1: file1_p0
Frame2: file2_p0

Access: file3 (file3_p0) ---- HIT
Page Table:
file3_p0 -> Frame 0 | Valid: 1 | Time: 20:56:16
file1_p0 -> Frame 1 | Valid: 1 | Time: 20:56:16
file2_p0 -> Frame 2 | Valid: 1 | Time: 20:56:16
file1_p2 -> Frame 0 | Valid: 1 | Time: 20:56:16
file1_p1 -> Frame 0 | Valid: 1 | Time: 20:56:16
Frames:
Frame0: file3_p0
Frame1: file1_p0
Frame2: file2_p0
